 Registered Module  : EnterData
 Registered Instance: EnterData
 Instance ID        :  1
 Registered Instance: EnterData
 Instance ID        :  1
 Registered Module  : Model
 Registered Instance: Model
 Instance ID        :  1
 Registered Instance: EnterData
 Instance ID        :  1
 Registered Instance: EnterData
 Instance ID        :  1
 Registered Module  : Time
 Registered Instance: Time
 Instance ID        :  1
 Registered Instance: EnterData
 Instance ID        :  2
 Registered Module  : HorizontalGrid
 Registered Instance: HorizontalGrid
 Instance ID        :  1
 Registered Instance: EnterData
 Instance ID        :  2
 Registered Module  : GridData
 Registered Instance: GridData
 Instance ID        :  1
 Registered Instance: EnterData
 Instance ID        :  1
 Registered Module  : HorizontalMap
 Registered Instance: HorizontalMap
 Instance ID        :  1
 Registered Module  : Geometry
 Registered Instance: Geometry
 Instance ID        :  1
 Registered Instance: EnterData
 Instance ID        :  1
 Registered Instance: EnterData
 Instance ID        :  1
 Registered Instance: EnterData
 Instance ID        :  1
 Registered Module  : Map
 Registered Instance: Map
 Instance ID        :  1
 Registered Module  : Waves
 Registered Instance: Waves
 Instance ID        :  1
 Registered Instance: EnterData
 Instance ID        :  1
 Registered Instance: EnterData
 Instance ID        :  1
 Registered Instance: EnterData
 Instance ID        :  1
 Registered Module  : FillMatrix
 Registered Instance: FillMatrix
 Instance ID        :  1
 Registered Instance: FillMatrix
 Instance ID        :  1
 Registered Instance: FillMatrix
 Instance ID        :  1
 Registered Instance: FillMatrix
 Instance ID        :  1
 Registered Module  : Turbulence
 Registered Instance: Turbulence
 Instance ID        :  1
 Registered Instance: EnterData
 Instance ID        :  1
 Registered Instance: EnterData
 Instance ID        :  1
 Registered Instance: EnterData
 Instance ID        :  1
 Registered Module  : TwoWay
 Registered Instance: TwoWay
 Instance ID        :  1
 Registered Module  : Hydrodynamic
 Registered Instance: Hydrodynamic
 Instance ID        :  1
 Registered Instance: EnterData
 Instance ID        :  1
 Registered Instance: EnterData
 Instance ID        :  1
 Registered Instance: EnterData
 Instance ID        :  1
 Registered Instance: EnterData
 Instance ID        :  1
 
 
Hydrodynamic properties initial values in HDF format.                                                                           
Keyword: IN_CNDI not found

WARNING    KEYWORD    Keyword IN_CNDI not found - ModuleHydrodynamic.
 Registered Instance: EnterData
 Instance ID        :  1
 Registered Instance: EnterData
 Instance ID        :  1
 Registered Module  : OpenBoundary
 Registered Instance: OpenBoundary
 Instance ID        :  1
 Registered Module  : WaterProperties
 Registered Instance: WaterProperties
 Instance ID        :  1
 Registered Instance: EnterData
 Instance ID        :  1
 Registered Instance: EnterData
 Instance ID        :  1
 Registered Instance: EnterData
 Instance ID        :  1
 Registered Instance: EnterData
 Instance ID        :  1
 
 
Water properties initial values in HDF format.                                                                                  
Keyword: EUL_INI not found

 Registered Instance: EnterData
 Instance ID        :  1
 Registered Instance: FillMatrix
 Instance ID        :  1
 Registered Instance: FillMatrix
 Instance ID        :  1
 Registered Instance: FillMatrix
 Instance ID        :  1
 Registered Module  : Lagrangian
 Registered Instance: Lagrangian
 Instance ID        :  1
 Registered Instance: EnterData
 Instance ID        :  1
 Registered Instance: EnterData
 Instance ID        :  1
 Registered Instance: EnterData
 Instance ID        :  2
 Registered Instance: EnterData
 Instance ID        :  2
 Registered Instance: EnterData
 Instance ID        :  2
 
 
Initial Particle Conditions.                                                                                                    
Keyword: PARTIC_INI not found

 Registered Instance: EnterData
 Instance ID        :  2
 Registered Instance: EnterData
 Instance ID        :  2
