 Registered Module  : EnterData
 Registered Instance: EnterData
 Instance ID        :  1
 Registered Instance: EnterData
 Instance ID        :  1
 Registered Module  : Model
 Registered Instance: Model
 Instance ID        :  1
 Registered Instance: EnterData
 Instance ID        :  1
 Registered Instance: EnterData
 Instance ID        :  1
 Registered Module  : Time
 Registered Instance: Time
 Instance ID        :  1
 Registered Instance: EnterData
 Instance ID        :  2
 Registered Module  : HorizontalGrid
 Registered Instance: HorizontalGrid
 Instance ID        :  1
 Registered Instance: EnterData
 Instance ID        :  2
 Registered Module  : GridData
 Registered Instance: GridData
 Instance ID        :  1
 Registered Instance: EnterData
 Instance ID        :  1
 Registered Module  : HorizontalMap
 Registered Instance: HorizontalMap
 Instance ID        :  1
 Registered Module  : Geometry
 Registered Instance: Geometry
 Instance ID        :  1
 Registered Instance: EnterData
 Instance ID        :  1
 Registered Instance: EnterData
 Instance ID        :  1
 Registered Instance: EnterData
 Instance ID        :  1
 Registered Module  : Map
 Registered Instance: Map
 Instance ID        :  1
 Registered Module  : Waves
 Registered Instance: Waves
 Instance ID        :  1
 Registered Instance: EnterData
 Instance ID        :  1
 Registered Instance: EnterData
 Instance ID        :  1
 Registered Instance: EnterData
 Instance ID        :  1
 Registered Module  : FillMatrix
 Registered Instance: FillMatrix
 Instance ID        :  1
 Registered Instance: FillMatrix
 Instance ID        :  1
 Registered Instance: FillMatrix
 Instance ID        :  1
 Registered Instance: FillMatrix
 Instance ID        :  1
 Registered Module  : Turbulence
 Registered Instance: Turbulence
 Instance ID        :  1
 Registered Instance: EnterData
 Instance ID        :  1
 Registered Instance: EnterData
 Instance ID        :  1
 Registered Instance: EnterData
 Instance ID        :  1
 Registered Module  : TwoWay
 Registered Instance: TwoWay
 Instance ID        :  1
 Registered Module  : Hydrodynamic
 Registered Instance: Hydrodynamic
 Instance ID        :  1
 Registered Instance: EnterData
 Instance ID        :  1
 Registered Instance: EnterData
 Instance ID        :  1
 Registered Instance: EnterData
 Instance ID        :  1
 Registered Instance: EnterData
 Instance ID        :  1
 
 
Hydrodynamic properties initial values in HDF format.                                                                           
Keyword: IN_CNDI not found

WARNING    KEYWORD    Keyword IN_CNDI not found - ModuleHydrodynamic.
 Registered Instance: EnterData
 Instance ID        :  1
 Registered Instance: EnterData
 Instance ID        :  1
 Registered Module  : OpenBoundary
 Registered Instance: OpenBoundary
 Instance ID        :  1
 Registered Module  : WaterProperties
 Registered Instance: WaterProperties
 Instance ID        :  1
 Registered Instance: EnterData
 Instance ID        :  1
 Registered Instance: EnterData
 Instance ID        :  1
 Registered Instance: EnterData
 Instance ID        :  1
 Registered Instance: EnterData
 Instance ID        :  1
 
 
Water properties initial values in HDF format.                                                                                  
Keyword: EUL_INI not found

 Registered Instance: EnterData
 Instance ID        :  1
 Registered Instance: FillMatrix
 Instance ID        :  1
 Registered Instance: FillMatrix
 Instance ID        :  1
 Registered Instance: FillMatrix
 Instance ID        :  1
 Registered Module  : Lagrangian
 Registered Instance: Lagrangian
 Instance ID        :  1
 Registered Instance: EnterData
 Instance ID        :  1
 Registered Instance: EnterData
 Instance ID        :  1
 Registered Instance: EnterData
 Instance ID        :  2
 Registered Instance: EnterData
 Instance ID        :  2
 Registered Instance: EnterData
 Instance ID        :  2
 
 
Initial Particle Conditions.                                                                                                    
Keyword: PARTIC_INI not found

 Registered Instance: EnterData
 Instance ID        :  2
 Registered Instance: EnterData
 Instance ID        :  2
 Registered Module  : Oil
 Registered Instance: Oil
 Instance ID        :  1
 Registered Module  : TimeSerie
 Registered Instance: TimeSerie
 Instance ID        :  1
 Registered Instance: EnterData
 Instance ID        :  2
 Registered Instance: EnterData
 Instance ID        :  3
 Registered Instance: EnterData
 Instance ID        :  2
 Registered Instance: HDF5
 Instance ID        :  1
 Registered Module  : Field4D
 Registered Instance: Field4D
 Instance ID        :  1
 Registered Instance: HDF5
 Instance ID        :  1
 Registered Instance: HorizontalGrid
 Instance ID        :  2
 Registered Instance: GridData
 Instance ID        :  2
 Registered Instance: HorizontalMap
 Instance ID        :  2
 Registered Instance: Geometry
 Instance ID        :  2
 Registered Instance: Map
 Instance ID        :  2
 Registered Instance: HDF5
 Instance ID        :  2
 Registered Instance: Field4D
 Instance ID        :  2
 Registered Instance: HDF5
 Instance ID        :  2
 Registered Instance: HorizontalGrid
 Instance ID        :  3
 Registered Instance: GridData
 Instance ID        :  3
 Registered Instance: HorizontalMap
 Instance ID        :  3
 Registered Instance: Geometry
 Instance ID        :  3
 Registered Instance: Map
 Instance ID        :  3
 Registered Instance: HDF5
 Instance ID        :  3
 Registered Instance: Field4D
 Instance ID        :  3
 Registered Instance: HDF5
 Instance ID        :  3
 Registered Instance: HorizontalGrid
 Instance ID        :  4
 Registered Instance: GridData
 Instance ID        :  4
 Registered Instance: HorizontalMap
 Instance ID        :  4
 Registered Instance: Geometry
 Instance ID        :  4
 Registered Instance: Map
 Instance ID        :  4
 Registered Instance: HDF5
 Instance ID        :  4
 Registered Instance: Field4D
 Instance ID        :  4
 Registered Instance: HDF5
 Instance ID        :  4
 Registered Instance: HorizontalGrid
 Instance ID        :  5
 Registered Instance: GridData
 Instance ID        :  5
 Registered Instance: HorizontalMap
 Instance ID        :  5
 Registered Instance: Geometry
 Instance ID        :  5
 Registered Instance: Map
 Instance ID        :  5
 Registered Instance: HDF5
 Instance ID        :  5
 Registered Instance: HDF5
 Instance ID        :  5
 Registered Instance: HDF5
 Instance ID        :  5
 Registered Module  : Litter
 Registered Instance: Litter
 Instance ID        :  1
 Registered Instance: EnterData
 Instance ID        :  1
 Registered Instance: EnterData
 Instance ID        :  1
 
 
Initial list of litter particles in HDF format.                                                                                 
Keyword: LITTER_INI not found

 Registered Instance: EnterData
 Instance ID        :  1
 
 
Final list of litter particles in HDF format.                                                                                   
Keyword: LITTER_FIN not found

 Registered Instance: EnterData
 Instance ID        :  1
 Registered Instance: EnterData
 Instance ID        :  2
 Registered Instance: EnterData
 Instance ID        :  2
 Registered Module  : OutputGrid
 Registered Instance: OutputGrid
 Instance ID        :  1
 Registered Instance: EnterData
 Instance ID        :  1
 Registered Module  : Triangulation
 Registered Instance: Triangulation
 Instance ID        :  1
